This file contains any messages produced by compilers while
running configure, to aid debugging if configure makes a mistake.

It was created by NeoPop-SDL configure 0.2, which was
generated by GNU Autoconf 2.61.  Invocation command line was

  $ ./configure --host=arm-none-linux-gnueabi --target=arm-none-linux-gnueabi --enable-pandora host_alias=arm-none-linux-gnueabi target_alias=arm-none-linux-gnueabi --no-create --no-recursion

## --------- ##
## Platform. ##
## --------- ##

hostname = ubuntu
uname -m = i686
uname -r = 2.6.27-11-generic
uname -s = Linux
uname -v = #1 SMP Thu Jan 29 19:24:39 UTC 2009

/usr/bin/uname -p = unknown
/bin/uname -X     = unknown

/bin/arch              = unknown
/usr/bin/arch -k       = unknown
/usr/convex/getsysinfo = unknown
/usr/bin/hostinfo      = unknown
/bin/machine           = unknown
/usr/bin/oslevel       = unknown
/bin/universe          = unknown

PATH: /usr/local/sbin
PATH: /usr/local/bin
PATH: /usr/sbin
PATH: /usr/bin
PATH: /sbin
PATH: /bin
PATH: /usr/games
PATH: /usr/local/pandora/arm-2007q3/bin
PATH: /usr/local/pandora/arm-2007q3/usr/bin


## ----------- ##
## Core tests. ##
## ----------- ##

configure:1796: checking build system type
configure:1814: result: i686-pc-linux-gnu
configure:1836: checking host system type
configure:1851: result: arm-none-linux-gnueabi
configure:1873: checking target system type
configure:1888: result: arm-none-linux-gnueabi
configure:1930: checking for a BSD-compatible install
configure:1986: result: /usr/bin/install -c
configure:1997: checking whether build environment is sane
configure:2040: result: yes
configure:2097: checking for gawk
configure:2127: result: no
configure:2097: checking for mawk
configure:2113: found /usr/bin/mawk
configure:2124: result: mawk
configure:2135: checking whether make sets $(MAKE)
configure:2156: result: yes
configure:2235: checking for arm-none-linux-gnueabi-strip
configure:2251: found /usr/local/pandora/arm-2007q3/bin/arm-none-linux-gnueabi-strip
configure:2262: result: arm-none-linux-gnueabi-strip
configure:2346: checking for arm-none-linux-gnueabi-gcc
configure:2362: found /usr/local/pandora/arm-2007q3/bin/arm-none-linux-gnueabi-gcc
configure:2373: result: arm-none-linux-gnueabi-gcc
configure:2651: checking for C compiler version
configure:2658: arm-none-linux-gnueabi-gcc --version >&5
arm-none-linux-gnueabi-gcc (CodeSourcery Sourcery G++ Lite 2007q3-51) 4.2.1
Copyright (C) 2007 Free Software Foundation, Inc.
This is free software; see the source for copying conditions.  There is NO
warranty; not even for MERCHANTABILITY or FITNESS FOR A PARTICULAR PURPOSE.

configure:2661: $? = 0
configure:2668: arm-none-linux-gnueabi-gcc -v >&5
Using built-in specs.
Target: arm-none-linux-gnueabi
Configured with: /scratch/paul/lite/linux/src/gcc-4.2/configure --build=i686-pc-linux-gnu --host=i686-pc-linux-gnu --target=arm-none-linux-gnueabi --enable-threads --disable-libmudflap --disable-libssp --disable-libgomp --disable-libstdcxx-pch --with-gnu-as --with-gnu-ld --enable-languages=c,c++ --enable-shared --enable-symvers=gnu --enable-__cxa_atexit --with-pkgversion=CodeSourcery Sourcery G++ Lite 2007q3-51 --with-bugurl=https://support.codesourcery.com/GNUToolchain/ --disable-nls --prefix=/opt/codesourcery --with-sysroot=/opt/codesourcery/arm-none-linux-gnueabi/libc --with-build-sysroot=/scratch/paul/lite/linux/install/arm-none-linux-gnueabi/libc --enable-poison-system-directories --with-build-time-tools=/scratch/paul/lite/linux/install/arm-none-linux-gnueabi/bin --with-build-time-tools=/scratch/paul/lite/linux/install/arm-none-linux-gnueabi/bin
Thread model: posix
gcc version 4.2.1 (CodeSourcery Sourcery G++ Lite 2007q3-51)
configure:2671: $? = 0
configure:2678: arm-none-linux-gnueabi-gcc -V >&5
arm-none-linux-gnueabi-gcc: '-V' option must have argument
configure:2681: $? = 1
configure:2704: checking for C compiler default output file name
configure:2731: arm-none-linux-gnueabi-gcc    conftest.c  >&5
configure:2734: $? = 0
configure:2772: result: a.out
configure:2789: checking whether the C compiler works
configure:2799: ./a.out
./configure: line 2800: ./a.out: cannot execute binary file
configure:2802: $? = 126
configure:2819: result: yes
configure:2826: checking whether we are cross compiling
configure:2828: result: yes
configure:2831: checking for suffix of executables
configure:2838: arm-none-linux-gnueabi-gcc -o conftest    conftest.c  >&5
configure:2841: $? = 0
configure:2865: result: 
configure:2871: checking for suffix of object files
configure:2897: arm-none-linux-gnueabi-gcc -c   conftest.c >&5
configure:2900: $? = 0
configure:2923: result: o
configure:2927: checking whether we are using the GNU C compiler
configure:2956: arm-none-linux-gnueabi-gcc -c   conftest.c >&5
configure:2962: $? = 0
configure:2979: result: yes
configure:2984: checking whether arm-none-linux-gnueabi-gcc accepts -g
configure:3014: arm-none-linux-gnueabi-gcc -c -g  conftest.c >&5
configure:3020: $? = 0
configure:3119: result: yes
configure:3136: checking for arm-none-linux-gnueabi-gcc option to accept ISO C89
configure:3210: arm-none-linux-gnueabi-gcc  -c -g -O2  conftest.c >&5
configure:3216: $? = 0
configure:3239: result: none needed
configure:3268: checking for style of include used by make
configure:3296: result: GNU
configure:3324: checking dependency style of arm-none-linux-gnueabi-gcc
configure:3414: result: gcc3
configure:3434: checking whether struct tm is in sys/time.h or time.h
configure:3464: arm-none-linux-gnueabi-gcc -c -g -O2  conftest.c >&5
configure:3470: $? = 0
configure:3485: result: time.h
configure:3500: checking how to run the C preprocessor
configure:3540: arm-none-linux-gnueabi-gcc -E  conftest.c
configure:3546: $? = 0
configure:3577: arm-none-linux-gnueabi-gcc -E  conftest.c
conftest.c:10:28: error: ac_nonexistent.h: No such file or directory
configure:3583: $? = 1
configure: failed program was:
| /* confdefs.h.  */
| #define PACKAGE_NAME "NeoPop-SDL"
| #define PACKAGE_TARNAME "NeoPop-SDL"
| #define PACKAGE_VERSION "0.2"
| #define PACKAGE_STRING "NeoPop-SDL 0.2"
| #define PACKAGE_BUGREPORT "wiz@danbala.tuwien.ac.at"
| #define PACKAGE "NeoPop-SDL"
| #define VERSION "0.2"
| /* end confdefs.h.  */
| #include <ac_nonexistent.h>
configure:3616: result: arm-none-linux-gnueabi-gcc -E
configure:3645: arm-none-linux-gnueabi-gcc -E  conftest.c
configure:3651: $? = 0
configure:3682: arm-none-linux-gnueabi-gcc -E  conftest.c
conftest.c:10:28: error: ac_nonexistent.h: No such file or directory
configure:3688: $? = 1
configure: failed program was:
| /* confdefs.h.  */
| #define PACKAGE_NAME "NeoPop-SDL"
| #define PACKAGE_TARNAME "NeoPop-SDL"
| #define PACKAGE_VERSION "0.2"
| #define PACKAGE_STRING "NeoPop-SDL 0.2"
| #define PACKAGE_BUGREPORT "wiz@danbala.tuwien.ac.at"
| #define PACKAGE "NeoPop-SDL"
| #define VERSION "0.2"
| /* end confdefs.h.  */
| #include <ac_nonexistent.h>
configure:3726: checking for grep that handles long lines and -e
configure:3800: result: /bin/grep
configure:3805: checking for egrep
configure:3883: result: /bin/grep -E
configure:3888: checking for ANSI C header files
configure:3918: arm-none-linux-gnueabi-gcc -c -g -O2  conftest.c >&5
configure:3924: $? = 0
configure:4052: result: yes
configure:4076: checking for sys/types.h
configure:4097: arm-none-linux-gnueabi-gcc -c -g -O2  conftest.c >&5
configure:4103: $? = 0
configure:4119: result: yes
configure:4076: checking for sys/stat.h
configure:4097: arm-none-linux-gnueabi-gcc -c -g -O2  conftest.c >&5
configure:4103: $? = 0
configure:4119: result: yes
configure:4076: checking for stdlib.h
configure:4097: arm-none-linux-gnueabi-gcc -c -g -O2  conftest.c >&5
configure:4103: $? = 0
configure:4119: result: yes
configure:4076: checking for string.h
configure:4097: arm-none-linux-gnueabi-gcc -c -g -O2  conftest.c >&5
configure:4103: $? = 0
configure:4119: result: yes
configure:4076: checking for memory.h
configure:4097: arm-none-linux-gnueabi-gcc -c -g -O2  conftest.c >&5
configure:4103: $? = 0
configure:4119: result: yes
configure:4076: checking for strings.h
configure:4097: arm-none-linux-gnueabi-gcc -c -g -O2  conftest.c >&5
configure:4103: $? = 0
configure:4119: result: yes
configure:4076: checking for inttypes.h
configure:4097: arm-none-linux-gnueabi-gcc -c -g -O2  conftest.c >&5
configure:4103: $? = 0
configure:4119: result: yes
configure:4076: checking for stdint.h
configure:4097: arm-none-linux-gnueabi-gcc -c -g -O2  conftest.c >&5
configure:4103: $? = 0
configure:4119: result: yes
configure:4076: checking for unistd.h
configure:4097: arm-none-linux-gnueabi-gcc -c -g -O2  conftest.c >&5
configure:4103: $? = 0
configure:4119: result: yes
configure:4131: checking whether byte ordering is bigendian
configure:4164: arm-none-linux-gnueabi-gcc -c -g -O2  conftest.c >&5
configure:4170: $? = 0
configure:4202: arm-none-linux-gnueabi-gcc -c -g -O2  conftest.c >&5
conftest.c: In function 'main':
conftest.c:27: error: 'not' undeclared (first use in this function)
conftest.c:27: error: (Each undeclared identifier is reported only once
conftest.c:27: error: for each function it appears in.)
conftest.c:27: error: expected ';' before 'big'
configure:4208: $? = 1
configure: failed program was:
| /* confdefs.h.  */
| #define PACKAGE_NAME "NeoPop-SDL"
| #define PACKAGE_TARNAME "NeoPop-SDL"
| #define PACKAGE_VERSION "0.2"
| #define PACKAGE_STRING "NeoPop-SDL 0.2"
| #define PACKAGE_BUGREPORT "wiz@danbala.tuwien.ac.at"
| #define PACKAGE "NeoPop-SDL"
| #define VERSION "0.2"
| #define STDC_HEADERS 1
| #define HAVE_SYS_TYPES_H 1
| #define HAVE_SYS_STAT_H 1
| #define HAVE_STDLIB_H 1
| #define HAVE_STRING_H 1
| #define HAVE_MEMORY_H 1
| #define HAVE_STRINGS_H 1
| #define HAVE_INTTYPES_H 1
| #define HAVE_STDINT_H 1
| #define HAVE_UNISTD_H 1
| /* end confdefs.h.  */
| #include <sys/types.h>
| #include <sys/param.h>
| 
| int
| main ()
| {
| #if BYTE_ORDER != BIG_ENDIAN
|  not big endian
| #endif
| 
|   ;
|   return 0;
| }
configure:4348: result: no
configure:4365: checking for ANSI C header files
configure:4529: result: yes
configure:4547: checking for stdlib.h
configure:4553: result: yes
configure:4547: checking for string.h
configure:4553: result: yes
configure:4557: checking sys/time.h usability
configure:4574: arm-none-linux-gnueabi-gcc -c -g -O2 -DLSB_FIRST  conftest.c >&5
configure:4580: $? = 0
configure:4594: result: yes
configure:4598: checking sys/time.h presence
configure:4613: arm-none-linux-gnueabi-gcc -E  conftest.c
configure:4619: $? = 0
configure:4633: result: yes
configure:4666: checking for sys/time.h
configure:4674: result: yes
configure:4547: checking for unistd.h
configure:4553: result: yes
configure:4689: checking for working memcmp
configure:4770: result: no
configure:4779: checking whether lstat dereferences a symlink specified with a trailing slash
configure:4850: result: no
configure:4869: checking whether stat accepts an empty string
configure:4927: result: yes
configure:4947: checking for vprintf
configure:5003: arm-none-linux-gnueabi-gcc -o conftest -g -O2 -DLSB_FIRST   conftest.c  >&5
conftest.c:49: warning: conflicting types for built-in function 'vprintf'
configure:5009: $? = 0
configure:5027: result: yes
configure:5034: checking for _doprnt
configure:5090: arm-none-linux-gnueabi-gcc -o conftest -g -O2 -DLSB_FIRST   conftest.c  >&5
/tmp/cccZQikg.o: In function `main':
/home/cpasjuste/pandora/NeoPop-SDL-0.2/conftest.c:61: undefined reference to `_doprnt'
collect2: ld returned 1 exit status
configure:5096: $? = 1
configure: failed program was:
| /* confdefs.h.  */
| #define PACKAGE_NAME "NeoPop-SDL"
| #define PACKAGE_TARNAME "NeoPop-SDL"
| #define PACKAGE_VERSION "0.2"
| #define PACKAGE_STRING "NeoPop-SDL 0.2"
| #define PACKAGE_BUGREPORT "wiz@danbala.tuwien.ac.at"
| #define PACKAGE "NeoPop-SDL"
| #define VERSION "0.2"
| #define STDC_HEADERS 1
| #define HAVE_SYS_TYPES_H 1
| #define HAVE_SYS_STAT_H 1
| #define HAVE_STDLIB_H 1
| #define HAVE_STRING_H 1
| #define HAVE_MEMORY_H 1
| #define HAVE_STRINGS_H 1
| #define HAVE_INTTYPES_H 1
| #define HAVE_STDINT_H 1
| #define HAVE_UNISTD_H 1
| #define STDC_HEADERS 1
| #define HAVE_STDLIB_H 1
| #define HAVE_STRING_H 1
| #define HAVE_SYS_TIME_H 1
| #define HAVE_UNISTD_H 1
| #define HAVE_STAT_EMPTY_STRING_BUG 1
| #define HAVE_VPRINTF 1
| /* end confdefs.h.  */
| /* Define _doprnt to an innocuous variant, in case <limits.h> declares _doprnt.
|    For example, HP-UX 11i <limits.h> declares gettimeofday.  */
| #define _doprnt innocuous__doprnt
| 
| /* System header to define __stub macros and hopefully few prototypes,
|     which can conflict with char _doprnt (); below.
|     Prefer <limits.h> to <assert.h> if __STDC__ is defined, since
|     <limits.h> exists even on freestanding compilers.  */
| 
| #ifdef __STDC__
| # include <limits.h>
| #else
| # include <assert.h>
| #endif
| 
| #undef _doprnt
| 
| /* Override any GCC internal prototype to avoid an error.
|    Use char because int might match the return type of a GCC
|    builtin and then its argument prototype would still apply.  */
| #ifdef __cplusplus
| extern "C"
| #endif
| char _doprnt ();
| /* The GNU C library defines this for functions which it implements
|     to always fail with ENOSYS.  Some functions are actually named
|     something starting with __ and the normal name is an alias.  */
| #if defined __stub__doprnt || defined __stub____doprnt
| choke me
| #endif
| 
| int
| main ()
| {
| return _doprnt ();
|   ;
|   return 0;
| }
configure:5113: result: no
configure:5138: checking for atexit
configure:5194: arm-none-linux-gnueabi-gcc -o conftest -g -O2 -DLSB_FIRST   conftest.c  >&5
configure:5200: $? = 0
configure:5218: result: yes
configure:5138: checking for gettimeofday
configure:5194: arm-none-linux-gnueabi-gcc -o conftest -g -O2 -DLSB_FIRST   conftest.c  >&5
configure:5200: $? = 0
configure:5218: result: yes
configure:5138: checking for memset
configure:5194: arm-none-linux-gnueabi-gcc -o conftest -g -O2 -DLSB_FIRST   conftest.c  >&5
conftest.c:52: warning: conflicting types for built-in function 'memset'
configure:5200: $? = 0
configure:5218: result: yes
configure:5138: checking for strchr
configure:5194: arm-none-linux-gnueabi-gcc -o conftest -g -O2 -DLSB_FIRST   conftest.c  >&5
conftest.c:53: warning: conflicting types for built-in function 'strchr'
configure:5200: $? = 0
configure:5218: result: yes
configure:5138: checking for strdup
configure:5194: arm-none-linux-gnueabi-gcc -o conftest -g -O2 -DLSB_FIRST   conftest.c  >&5
conftest.c:54: warning: conflicting types for built-in function 'strdup'
configure:5200: $? = 0
configure:5218: result: yes
configure:5138: checking for strerror
configure:5194: arm-none-linux-gnueabi-gcc -o conftest -g -O2 -DLSB_FIRST   conftest.c  >&5
configure:5200: $? = 0
configure:5218: result: yes
configure:5138: checking for strrchr
configure:5194: arm-none-linux-gnueabi-gcc -o conftest -g -O2 -DLSB_FIRST   conftest.c  >&5
conftest.c:56: warning: conflicting types for built-in function 'strrchr'
configure:5200: $? = 0
configure:5218: result: yes
configure:5138: checking for strspn
configure:5194: arm-none-linux-gnueabi-gcc -o conftest -g -O2 -DLSB_FIRST   conftest.c  >&5
conftest.c:57: warning: conflicting types for built-in function 'strspn'
configure:5200: $? = 0
configure:5218: result: yes
configure:5271: checking for sdl-config
configure:5289: found /usr/local/pandora/arm-2007q3/usr/bin/sdl-config
configure:5302: result: /usr/local/pandora/arm-2007q3/usr/bin/sdl-config
configure:5311: checking for SDL - version >= 0.11.0
configure:5438: result: yes
configure:5571: checking png.h usability
configure:5588: arm-none-linux-gnueabi-gcc -c -g -O2 -DLSB_FIRST  -I/usr/local/pandora/arm-2007q3/usr/include -march=armv7-a -mcpu=cortex-a8 -mtune=cortex-a8 -mfloat-abi=softfp -mfpu=neon -ftree-vectorize -ffast-math -fno-omit-frame-pointer -DPANDORA conftest.c >&5
configure:5594: $? = 0
configure:5608: result: yes
configure:5612: checking png.h presence
configure:5627: arm-none-linux-gnueabi-gcc -E  -I/usr/local/pandora/arm-2007q3/usr/include -march=armv7-a -mcpu=cortex-a8 -mtune=cortex-a8 -mfloat-abi=softfp -mfpu=neon -ftree-vectorize -ffast-math -fno-omit-frame-pointer -DPANDORA conftest.c
configure:5633: $? = 0
configure:5647: result: yes
configure:5680: checking for png.h
configure:5687: result: yes
configure:5693: checking for png_create_read_struct in -lpng
configure:5728: arm-none-linux-gnueabi-gcc -o conftest -g -O2 -DLSB_FIRST  -I/usr/local/pandora/arm-2007q3/usr/include -march=armv7-a -mcpu=cortex-a8 -mtune=cortex-a8 -mfloat-abi=softfp -mfpu=neon -ftree-vectorize -ffast-math -fno-omit-frame-pointer -DPANDORA  -L/usr/local/pandora/arm-2007q3/usr/lib conftest.c -lpng   >&5
configure:5734: $? = 0
configure:5752: result: yes
configure:5842: checking for main in -lz
configure:5871: arm-none-linux-gnueabi-gcc -o conftest -g -O2 -DLSB_FIRST  -I/usr/local/pandora/arm-2007q3/usr/include -march=armv7-a -mcpu=cortex-a8 -mtune=cortex-a8 -mfloat-abi=softfp -mfpu=neon -ftree-vectorize -ffast-math -fno-omit-frame-pointer -DPANDORA  -L/usr/local/pandora/arm-2007q3/usr/lib conftest.c -lz  -lpng  >&5
configure:5877: $? = 0
configure:5895: result: yes
configure:5910: checking for SDLNet_TCP_Open in -lSDL_net
configure:5945: arm-none-linux-gnueabi-gcc -o conftest -g -O2 -DLSB_FIRST  -I/usr/local/pandora/arm-2007q3/usr/include -march=armv7-a -mcpu=cortex-a8 -mtune=cortex-a8 -mfloat-abi=softfp -mfpu=neon -ftree-vectorize -ffast-math -fno-omit-frame-pointer -DPANDORA  -L/usr/local/pandora/arm-2007q3/usr/lib conftest.c -lSDL_net -L/usr/local/pandora/arm-2007q3/usr/lib -Wl,-rpath,/usr/local/pandora/arm-2007q3/usr/lib -lSDL -lpthread -lpng  -lz >&5
/usr/local/pandora/arm-2007q3/bin/../lib/gcc/arm-none-linux-gnueabi/4.2.1/../../../../arm-none-linux-gnueabi/bin/ld: cannot find -lSDL_net
collect2: ld returned 1 exit status
configure:5951: $? = 1
configure: failed program was:
| /* confdefs.h.  */
| #define PACKAGE_NAME "NeoPop-SDL"
| #define PACKAGE_TARNAME "NeoPop-SDL"
| #define PACKAGE_VERSION "0.2"
| #define PACKAGE_STRING "NeoPop-SDL 0.2"
| #define PACKAGE_BUGREPORT "wiz@danbala.tuwien.ac.at"
| #define PACKAGE "NeoPop-SDL"
| #define VERSION "0.2"
| #define STDC_HEADERS 1
| #define HAVE_SYS_TYPES_H 1
| #define HAVE_SYS_STAT_H 1
| #define HAVE_STDLIB_H 1
| #define HAVE_STRING_H 1
| #define HAVE_MEMORY_H 1
| #define HAVE_STRINGS_H 1
| #define HAVE_INTTYPES_H 1
| #define HAVE_STDINT_H 1
| #define HAVE_UNISTD_H 1
| #define STDC_HEADERS 1
| #define HAVE_STDLIB_H 1
| #define HAVE_STRING_H 1
| #define HAVE_SYS_TIME_H 1
| #define HAVE_UNISTD_H 1
| #define HAVE_STAT_EMPTY_STRING_BUG 1
| #define HAVE_VPRINTF 1
| #define HAVE_ATEXIT 1
| #define HAVE_GETTIMEOFDAY 1
| #define HAVE_MEMSET 1
| #define HAVE_STRCHR 1
| #define HAVE_STRDUP 1
| #define HAVE_STRERROR 1
| #define HAVE_STRRCHR 1
| #define HAVE_STRSPN 1
| #define HAVE_LIBPNG 1
| #define HAVE_LIBZ 1
| /* end confdefs.h.  */
| 
| /* Override any GCC internal prototype to avoid an error.
|    Use char because int might match the return type of a GCC
|    builtin and then its argument prototype would still apply.  */
| #ifdef __cplusplus
| extern "C"
| #endif
| char SDLNet_TCP_Open ();
| int
| main ()
| {
| return SDLNet_TCP_Open ();
|   ;
|   return 0;
| }
configure:5969: result: no
configure:5979: WARNING: SDL_net not found -- no comms support
configure:6112: creating ./config.status

## ---------------- ##
## Cache variables. ##
## ---------------- ##

ac_cv_build=i686-pc-linux-gnu
ac_cv_c_bigendian=no
ac_cv_c_compiler_gnu=yes
ac_cv_env_CC_set=
ac_cv_env_CC_value=
ac_cv_env_CFLAGS_set=
ac_cv_env_CFLAGS_value=
ac_cv_env_CPPFLAGS_set=
ac_cv_env_CPPFLAGS_value=
ac_cv_env_CPP_set=
ac_cv_env_CPP_value=
ac_cv_env_LDFLAGS_set=
ac_cv_env_LDFLAGS_value=
ac_cv_env_LIBS_set=
ac_cv_env_LIBS_value=
ac_cv_env_build_alias_set=
ac_cv_env_build_alias_value=
ac_cv_env_host_alias_set=set
ac_cv_env_host_alias_value=arm-none-linux-gnueabi
ac_cv_env_target_alias_set=set
ac_cv_env_target_alias_value=arm-none-linux-gnueabi
ac_cv_func__doprnt=no
ac_cv_func_atexit=yes
ac_cv_func_gettimeofday=yes
ac_cv_func_lstat_dereferences_slashed_symlink=no
ac_cv_func_memcmp_working=no
ac_cv_func_memset=yes
ac_cv_func_stat_empty_string_bug=yes
ac_cv_func_strchr=yes
ac_cv_func_strdup=yes
ac_cv_func_strerror=yes
ac_cv_func_strrchr=yes
ac_cv_func_strspn=yes
ac_cv_func_vprintf=yes
ac_cv_header_inttypes_h=yes
ac_cv_header_memory_h=yes
ac_cv_header_png_h=yes
ac_cv_header_stdc=yes
ac_cv_header_stdint_h=yes
ac_cv_header_stdlib_h=yes
ac_cv_header_string_h=yes
ac_cv_header_strings_h=yes
ac_cv_header_sys_stat_h=yes
ac_cv_header_sys_time_h=yes
ac_cv_header_sys_types_h=yes
ac_cv_header_unistd_h=yes
ac_cv_host=arm-none-linux-gnueabi
ac_cv_lib_SDL_net_SDLNet_TCP_Open=no
ac_cv_lib_png_png_create_read_struct=yes
ac_cv_lib_z_main=yes
ac_cv_objext=o
ac_cv_path_EGREP='/bin/grep -E'
ac_cv_path_GREP=/bin/grep
ac_cv_path_SDL_CONFIG=/usr/local/pandora/arm-2007q3/usr/bin/sdl-config
ac_cv_path_install='/usr/bin/install -c'
ac_cv_prog_AWK=mawk
ac_cv_prog_CC=arm-none-linux-gnueabi-gcc
ac_cv_prog_CPP='arm-none-linux-gnueabi-gcc -E'
ac_cv_prog_STRIP=arm-none-linux-gnueabi-strip
ac_cv_prog_cc_c89=
ac_cv_prog_cc_g=yes
ac_cv_prog_make_make_set=yes
ac_cv_struct_tm=time.h
ac_cv_target=arm-none-linux-gnueabi
am_cv_CC_dependencies_compiler_type=gcc3

## ----------------- ##
## Output variables. ##
## ----------------- ##

ACLOCAL='${SHELL} /home/cpasjuste/pandora/NeoPop-SDL-0.2/missing --run aclocal-1.8'
AMDEPBACKSLASH='\'
AMDEP_FALSE='#'
AMDEP_TRUE=''
AMTAR='${SHELL} /home/cpasjuste/pandora/NeoPop-SDL-0.2/missing --run tar'
AUTOCONF='${SHELL} /home/cpasjuste/pandora/NeoPop-SDL-0.2/missing --run autoconf'
AUTOHEADER='${SHELL} /home/cpasjuste/pandora/NeoPop-SDL-0.2/missing --run autoheader'
AUTOMAKE='${SHELL} /home/cpasjuste/pandora/NeoPop-SDL-0.2/missing --run automake-1.8'
AWK='mawk'
CC='arm-none-linux-gnueabi-gcc'
CCDEPMODE='depmode=gcc3'
CFLAGS='-g -O2 -DLSB_FIRST'
CPP='arm-none-linux-gnueabi-gcc -E'
CPPFLAGS=' -I/usr/local/pandora/arm-2007q3/usr/include -march=armv7-a -mcpu=cortex-a8 -mtune=cortex-a8 -mfloat-abi=softfp -mfpu=neon -ftree-vectorize -ffast-math -fno-omit-frame-pointer -DPANDORA'
CYGPATH_W='echo'
DEFS='-DHAVE_CONFIG_H'
DEPDIR='.deps'
DOCDIR='${datarootdir}/doc/NeoPop-SDL'
ECHO_C=''
ECHO_N='-n'
ECHO_T=''
EGREP='/bin/grep -E'
EXEEXT=''
GREP='/bin/grep'
INSTALL_DATA='${INSTALL} -m 644'
INSTALL_PROGRAM='${INSTALL}'
INSTALL_SCRIPT='${INSTALL}'
INSTALL_STRIP_PROGRAM='${SHELL} $(install_sh) -c -s'
LDFLAGS=' -L/usr/local/pandora/arm-2007q3/usr/lib'
LIBOBJS=' ${LIBOBJDIR}memcmp$U.o ${LIBOBJDIR}lstat$U.o ${LIBOBJDIR}stat$U.o'
LIBS='-lpng  -lz'
LTLIBOBJS=' ${LIBOBJDIR}memcmp$U.lo ${LIBOBJDIR}lstat$U.lo ${LIBOBJDIR}stat$U.lo'
MAKEINFO='${SHELL} /home/cpasjuste/pandora/NeoPop-SDL-0.2/missing --run makeinfo'
MANFMT='man'
OBJEXT='o'
PACKAGE='NeoPop-SDL'
PACKAGE_BUGREPORT='wiz@danbala.tuwien.ac.at'
PACKAGE_NAME='NeoPop-SDL'
PACKAGE_STRING='NeoPop-SDL 0.2'
PACKAGE_TARNAME='NeoPop-SDL'
PACKAGE_VERSION='0.2'
PATH_SEPARATOR=':'
SDL_CFLAGS='-I/usr/local/pandora/arm-2007q3/usr/include/SDL -D_GNU_SOURCE=1 -D_REENTRANT'
SDL_CONFIG='/usr/local/pandora/arm-2007q3/usr/bin/sdl-config'
SDL_LIBS='-L/usr/local/pandora/arm-2007q3/usr/lib -Wl,-rpath,/usr/local/pandora/arm-2007q3/usr/lib -lSDL -lpthread'
SET_MAKE=''
SHELL='/bin/bash'
STRIP='arm-none-linux-gnueabi-strip'
VERSION='0.2'
ac_ct_CC=''
am__fastdepCC_FALSE='#'
am__fastdepCC_TRUE=''
am__include='include'
am__leading_dot='.'
am__quote=''
bindir='${exec_prefix}/bin'
build='i686-pc-linux-gnu'
build_alias=''
build_cpu='i686'
build_os='linux-gnu'
build_vendor='pc'
datadir='${datarootdir}'
datarootdir='${prefix}/share'
docdir='${datarootdir}/doc/${PACKAGE_TARNAME}'
dvidir='${docdir}'
exec_prefix='${prefix}'
host='arm-none-linux-gnueabi'
host_alias='arm-none-linux-gnueabi'
host_cpu='arm'
host_os='linux-gnueabi'
host_vendor='none'
htmldir='${docdir}'
includedir='${prefix}/include'
infodir='${datarootdir}/info'
install_sh='/home/cpasjuste/pandora/NeoPop-SDL-0.2/install-sh'
libdir='${exec_prefix}/lib'
libexecdir='${exec_prefix}/libexec'
localedir='${datarootdir}/locale'
localstatedir='${prefix}/var'
mandir='${datarootdir}/man'
mkdir_p='mkdir -p -- .'
oldincludedir='/usr/include'
pdfdir='${docdir}'
prefix='/usr/local'
program_transform_name='s&^&arm-none-linux-gnueabi-&'
psdir='${docdir}'
sbindir='${exec_prefix}/sbin'
sharedstatedir='${prefix}/com'
sysconfdir='${prefix}/etc'
target='arm-none-linux-gnueabi'
target_alias='arm-none-linux-gnueabi'
target_cpu='arm'
target_os='linux-gnueabi'
target_vendor='none'

## ----------- ##
## confdefs.h. ##
## ----------- ##

#define PACKAGE_NAME "NeoPop-SDL"
#define PACKAGE_TARNAME "NeoPop-SDL"
#define PACKAGE_VERSION "0.2"
#define PACKAGE_STRING "NeoPop-SDL 0.2"
#define PACKAGE_BUGREPORT "wiz@danbala.tuwien.ac.at"
#define PACKAGE "NeoPop-SDL"
#define VERSION "0.2"
#define STDC_HEADERS 1
#define HAVE_SYS_TYPES_H 1
#define HAVE_SYS_STAT_H 1
#define HAVE_STDLIB_H 1
#define HAVE_STRING_H 1
#define HAVE_MEMORY_H 1
#define HAVE_STRINGS_H 1
#define HAVE_INTTYPES_H 1
#define HAVE_STDINT_H 1
#define HAVE_UNISTD_H 1
#define STDC_HEADERS 1
#define HAVE_STDLIB_H 1
#define HAVE_STRING_H 1
#define HAVE_SYS_TIME_H 1
#define HAVE_UNISTD_H 1
#define HAVE_STAT_EMPTY_STRING_BUG 1
#define HAVE_VPRINTF 1
#define HAVE_ATEXIT 1
#define HAVE_GETTIMEOFDAY 1
#define HAVE_MEMSET 1
#define HAVE_STRCHR 1
#define HAVE_STRDUP 1
#define HAVE_STRERROR 1
#define HAVE_STRRCHR 1
#define HAVE_STRSPN 1
#define HAVE_LIBPNG 1
#define HAVE_LIBZ 1

configure: exit 0

## ---------------------- ##
## Running config.status. ##
## ---------------------- ##

This file was extended by NeoPop-SDL config.status 0.2, which was
generated by GNU Autoconf 2.61.  Invocation command line was

  CONFIG_FILES    = 
  CONFIG_HEADERS  = 
  CONFIG_LINKS    = 
  CONFIG_COMMANDS = 
  $ ./config.status 

on ubuntu

config.status:649: creating Makefile
config.status:784: WARNING:  Makefile.in seems to ignore the --datarootdir setting
config.status:649: creating System_SDL/Makefile
config.status:784: WARNING:  System_SDL/Makefile.in seems to ignore the --datarootdir setting
config.status:649: creating System_SDL/config.h
config.status:932: executing depfiles commands

## ---------------------- ##
## Running config.status. ##
## ---------------------- ##

This file was extended by NeoPop-SDL config.status 0.2, which was
generated by GNU Autoconf 2.61.  Invocation command line was

  CONFIG_FILES    = 
  CONFIG_HEADERS  = 
  CONFIG_LINKS    = 
  CONFIG_COMMANDS = 
  $ ./config.status System_SDL/config.h

on ubuntu

config.status:649: creating System_SDL/config.h
